Сборка начата 28.01.2015 0:52:03.
     1>Проект "C:\Users\Рамиз\Documents\Visual Studio 2013\Projects\RaltCoreModeler\RaltCoreModeler\RaltCoreModeler.vcxproj" в узле 2 (целевые объекты Build).
     1>ClCompile:
         C:\Program Files (x86)\Microsoft Visual Studio 12.0\VC\bin\CL.exe /c /Zi /nologo /W3 /WX- /sdl /O2 /Oi /Oy- /GL /D WIN32 /D NDEBUG /D _WINDOWS /D _MBCS /D _AFXDLL /Gm- /EHsc /MD /GS /Gy /fp:precise /Zc:wchar_t /Zc:forScope /Fo"Release\\" /Fd"Release\vc120.pdb" /Gd /TP /analyze- /errorReport:prompt RADXInterface.cpp
         RADXInterface.cpp
         C:\Program Files (x86)\Windows Kits\8.1\include\um\dinput.h: DIRECTINPUT_VERSION undefined. Defaulting to version 0x0800
     1>RADXInterface.cpp(71): warning C4244: аргумент: преобразование "INT" в "FLOAT", возможна потеря данных
       Link:
         C:\Program Files (x86)\Microsoft Visual Studio 12.0\VC\bin\link.exe /ERRORREPORT:PROMPT /OUT:"C:\Users\Рамиз\Documents\Visual Studio 2013\Projects\RaltCoreModeler\Release\RaltCoreModeler.exe" /INCREMENTAL:NO /NOLOGO dxerr.lib d3d10.lib d3d10_1.lib d3d11.lib d3dx10.lib d3dx11.lib d3dcompiler.lib /MANIFEST /MANIFESTUAC:"level='asInvoker' uiAccess='false'" /manifest:embed /manifestinput:"C:\Program Files (x86)\Microsoft Visual Studio 12.0\VC\Include\Manifest\dpiaware.manifest" /DEBUG /PDB:"C:\Users\Рамиз\Documents\Visual Studio 2013\Projects\RaltCoreModeler\Release\RaltCoreModeler.pdb" /SUBSYSTEM:WINDOWS /OPT:REF /OPT:ICF /LTCG /TLBID:1 /DYNAMICBASE /NXCOMPAT /IMPLIB:"C:\Users\Рамиз\Documents\Visual Studio 2013\Projects\RaltCoreModeler\Release\RaltCoreModeler.lib" /MACHINE:X86 /SAFESEH Release\RaltCoreModeler.res
         Release\AnimModel.obj
         Release\Console.obj
         Release\Cube.obj
         Release\DRXCA.obj
         Release\DXRaltID.obj
         Release\GridPlace.obj
         Release\LogInfo.obj
         Release\EPolygon.obj
         Release\Pyramid.obj
         Release\RADXCamera.obj
         Release\RADXGeometry.obj
         Release\RADXIComp.obj
         Release\RADXICompiler.obj
         Release\RADXInterface.obj
         Release\RADXMath.obj
         Release\RADXModel.obj
         Release\RADXTEST.obj
         Release\RADXUpdater.obj
         Release\RaltCoreModeler.obj
         Release\Sphere.obj
         Release\WarpModel.obj
         "..\..\..\..\..\..\..\Program Files (x86)\Microsoft DirectX SDK (June 2010)\Lib\x86\dinput8.lib"
         "C:\Program Files (x86)\Microsoft DirectX SDK (June 2010)\DirectXEffects\Bin\Desktop_2013\Win32\Release\Effects11.lib"
         Создание кода
         Создание кода завершено
         RaltCoreModeler.vcxproj -> C:\Users\Рамиз\Documents\Visual Studio 2013\Projects\RaltCoreModeler\Release\RaltCoreModeler.exe
     1>Сборка проекта "C:\Users\Рамиз\Documents\Visual Studio 2013\Projects\RaltCoreModeler\RaltCoreModeler\RaltCoreModeler.vcxproj" завершена (целевые объекты Build).

Сборка успешно завершена.

Затраченное время: 00:00:06.02
